#
# There is insufficient memory for the Java Runtime Environment to continue.
# Native memory allocation (mmap) failed to map 65536 bytes for committing reserved memory.
# Possible reasons:
#   The system is out of physical RAM or swap space
#   In 32 bit mode, the process size limit was hit
# Possible solutions:
#   Reduce memory load on the system
#   Increase physical memory or swap space
#   Check if swap backing store is full
#   Use 64 bit Java on a 64 bit OS
#   Decrease Java heap size (-Xmx/-Xms)
#   Decrease number of Java threads
#   Decrease Java thread stack sizes (-Xss)
#   Set larger code cache with -XX:ReservedCodeCacheSize=
# This output file may be truncated or incomplete.
#
#  Out of Memory Error (os_linux.cpp:2640), pid=16671, tid=0x00007efce3365700
#
# JRE version: OpenJDK Runtime Environment (8.0_152-b01) (build 1.8.0_152-release-1024-b01)
# Java VM: OpenJDK 64-Bit Server VM (25.152-b01 mixed mode linux-amd64 compressed oops)
# Failed to write core dump. Core dumps have been disabled. To enable core dumping, try "ulimit -c unlimited" before starting Java again
#

---------------  T H R E A D  ---------------

Current thread (0x00007efd000c0000):  JavaThread "C1 CompilerThread2" daemon [_thread_in_vm, id=16712, stack(0x00007efce3265000,0x00007efce3366000)]

Stack: [0x00007efce3265000,0x00007efce3366000],  sp=0x00007efce3364060,  free space=1020k
Native frames: (J=compiled Java code, j=interpreted, Vv=VM code, C=native code)
V  [libjvm.so+0x9ed02d]  VMError::report_and_die()+0x15d
V  [libjvm.so+0x4b99fa]  report_vm_out_of_memory(char const*, int, unsigned long, VMErrorType, char const*)+0x8a
V  [libjvm.so+0x852c20]  os::pd_commit_memory(char*, unsigned long, unsigned long, bool)+0xf0
V  [libjvm.so+0x84d72f]  os::commit_memory(char*, unsigned long, unsigned long, bool)+0x1f
V  [libjvm.so+0x9e9e94]  VirtualSpace::expand_by(unsigned long, bool)+0x1b4
V  [libjvm.so+0x5c020c]  CodeHeap::expand_by(unsigned long)+0x6c
V  [libjvm.so+0x4472e6]  CodeCache::allocate(int, bool)+0x46
V  [libjvm.so+0x823c86]  nmethod::new_nmethod(methodHandle, int, int, CodeOffsets*, int, DebugInformationRecorder*, Dependencies*, CodeBuffer*, int, OopMapSet*, ExceptionHandlerTable*, ImplicitExceptionTable*, AbstractCompiler*, int)+0x146
V  [libjvm.so+0x3e8f89]  ciEnv::register_method(ciMethod*, int, CodeOffsets*, int, CodeBuffer*, int, OopMapSet*, ExceptionHandlerTable*, ImplicitExceptionTable*, AbstractCompiler*, int, bool, bool, RTMState)+0x3b9
V  [libjvm.so+0x3327e9]  Compilation::compile_method()+0x1e9
V  [libjvm.so+0x332b33]  Compilation::Compilation(AbstractCompiler*, ciEnv*, ciMethod*, int, BufferBlob*)+0x243
V  [libjvm.so+0x333858]  Compiler::compile_method(ciEnv*, ciMethod*, int)+0xa8
V  [libjvm.so+0x472652]  CompileBroker::invoke_compiler_on_method(CompileTask*)+0x8c2
V  [libjvm.so+0x4734d8]  CompileBroker::compiler_thread_loop()+0x4e8
V  [libjvm.so+0x998d78]  JavaThread::thread_main_inner()+0xd8
V  [libjvm.so+0x850032]  java_start(Thread*)+0xf2
C  [libpthread.so.0+0x77fc]  start_thread+0xdc


Current CompileTask:
C1: 101147 1122       3       org.objectweb.asm.ClassWriter::visit (121 bytes)


---------------  P R O C E S S  ---------------

Java Threads: ( => current thread )
  0x00007efd000c2800 JavaThread "Service Thread" daemon [_thread_blocked, id=16713, stack(0x00007efce3164000,0x00007efce3265000)]
=>0x00007efd000c0000 JavaThread "C1 CompilerThread2" daemon [_thread_in_vm, id=16712, stack(0x00007efce3265000,0x00007efce3366000)]
  0x00007efd000be000 JavaThread "C2 CompilerThread1" daemon [_thread_in_native, id=16709, stack(0x00007efce3366000,0x00007efce3467000)]
  0x00007efd000bb000 JavaThread "C2 CompilerThread0" daemon [_thread_blocked, id=16708, stack(0x00007efce3467000,0x00007efce3568000)]
  0x00007efd000b7000 JavaThread "Signal Dispatcher" daemon [_thread_blocked, id=16706, stack(0x00007efce3568000,0x00007efce3669000)]
  0x00007efd00087000 JavaThread "Finalizer" daemon [_thread_blocked, id=16697, stack(0x00007efce3afb000,0x00007efce3bfc000)]
  0x00007efd00082800 JavaThread "Reference Handler" daemon [_thread_blocked, id=16696, stack(0x00007efce3bfc000,0x00007efce3cfd000)]
  0x00007efd0000d800 JavaThread "main" [_thread_blocked, id=16676, stack(0x00007efd0812b000,0x00007efd0822c000)]

Other Threads:
  0x00007efd0007b000 VMThread [stack: 0x00007efce3cfd000,0x00007efce3dfe000] [id=16693]
  0x00007efd000c5800 WatcherThread [stack: 0x00007efce3063000,0x00007efce3164000] [id=16714]

VM state:not at safepoint (normal execution)

VM Mutex/Monitor currently owned by a thread:  ([mutex/lock_event])
[0x00007efd00004210] CodeCache_lock - owner thread: 0x00007efd000c0000
[0x00007efd0000a790] Compile_lock - owner thread: 0x00007efd000c0000
[0x00007efd0000a890] MethodCompileQueue_lock - owner thread: 0x00007efd000c0000

Heap:
 PSYoungGen      total 18944K, used 16396K [0x00000000feb00000, 0x0000000100000000, 0x0000000100000000)
  eden space 16384K, 84% used [0x00000000feb00000,0x00000000ff884f68,0x00000000ffb00000)
  from space 2560K, 99% used [0x00000000ffd80000,0x00000000ffffe428,0x0000000100000000)
  to   space 2560K, 0% used [0x00000000ffb00000,0x00000000ffb00000,0x00000000ffd80000)
 ParOldGen       total 40960K, used 5048K [0x00000000fc000000, 0x00000000fe800000, 0x00000000feb00000)
  object space 40960K, 12% used [0x00000000fc000000,0x00000000fc4ee3a8,0x00000000fe800000)
 Metaspace       used 7966K, capacity 8228K, committed 8448K, reserved 1056768K
  class space    used 899K, capacity 1002K, committed 1024K, reserved 1048576K

Card table byte_map: [0x00007efd0810a000,0x00007efd0812b000] byte_map_base: 0x00007efd0792a000

Marking Bits: (ParMarkBitMap*) 0x00007efd075d7440
 Begin Bits: [0x00007efd0493d000, 0x00007efd04a3d000)
 End Bits:   [0x00007efd04a3d000, 0x00007efd04b3d000)

Polling page: 0x00007efd08244000

CodeCache: size=245760Kb used=4146Kb max_used=4149Kb free=241613Kb
 bounds [0x00007efcf1000000, 0x00007efcf1410000, 0x00007efd00000000]
 total_blobs=1425 nmethods=1100 adapters=238
 compilation: enabled

Compilation events (10 events):
Event: 90.140 Thread 0x00007efd000bb000 1096       4       org.objectweb.asm.MethodWriter::visitVarInsn (300 bytes)
Event: 90.244 Thread 0x00007efd000c0000 1115       2       org.objectweb.asm.MethodVisitor::visitLookupSwitchInsn (18 bytes)
Event: 90.338 Thread 0x00007efd000c0000 nmethod 1115 0x00007efcf1408510 code [0x00007efcf1408680, 0x00007efcf1408808]
Event: 90.430 Thread 0x00007efd000bb000 nmethod 1096 0x00007efcf140ec90 code [0x00007efcf140ee20, 0x00007efcf140f568]
Event: 90.504 Thread 0x00007efd000bb000 1105       4       com.google.devtools.build.android.desugar.InterfaceDesugaring$InterfaceInvocationRewriter::visitMethodInsn (288 bytes)
Event: 91.224 Thread 0x00007efd000c0000 1116       3       com.google.devtools.build.android.desugar.DefaultMethodClassFixer::<init> (41 bytes)
Event: 91.818 Thread 0x00007efd000c0000 nmethod 1116 0x00007efcf1409210 code [0x00007efcf14093c0, 0x00007efcf14099d0]
Event: 91.823 Thread 0x00007efd000c0000 1123       3       com.google.common.collect.RegularImmutableSet::contains (56 bytes)
Event: 92.218 Thread 0x00007efd000c0000 nmethod 1123 0x00007efcf140d350 code [0x00007efcf140d500, 0x00007efcf140db38]
Event: 92.293 Thread 0x00007efd000c0000 1122       3       org.objectweb.asm.ClassWriter::visit (121 bytes)

GC Heap History (8 events):
Event: 2.226 GC heap before
{Heap before GC invocations=1 (full 0):
 PSYoungGen      total 17920K, used 15360K [0x00000000feb00000, 0x00000000fff00000, 0x0000000100000000)
  eden space 15360K, 100% used [0x00000000feb00000,0x00000000ffa00000,0x00000000ffa00000)
  from space 2560K, 0% used [0x00000000ffc80000,0x00000000ffc80000,0x00000000fff00000)
  to   space 2560K, 0% used [0x00000000ffa00000,0x00000000ffa00000,0x00000000ffc80000)
 ParOldGen       total 40960K, used 0K [0x00000000fc000000, 0x00000000fe800000, 0x00000000feb00000)
  object space 40960K, 0% used [0x00000000fc000000,0x00000000fc000000,0x00000000fe800000)
 Metaspace       used 6573K, capacity 6778K, committed 7040K, reserved 1056768K
  class space    used 775K, capacity 839K, committed 896K, reserved 1048576K
Event: 2.245 GC heap after
Heap after GC invocations=1 (full 0):
 PSYoungGen      total 17920K, used 2528K [0x00000000feb00000, 0x00000000fff00000, 0x0000000100000000)
  eden space 15360K, 0% used [0x00000000feb00000,0x00000000feb00000,0x00000000ffa00000)
  from space 2560K, 98% used [0x00000000ffa00000,0x00000000ffc78030,0x00000000ffc80000)
  to   space 2560K, 0% used [0x00000000ffc80000,0x00000000ffc80000,0x00000000fff00000)
 ParOldGen       total 40960K, used 1217K [0x00000000fc000000, 0x00000000fe800000, 0x00000000feb00000)
  object space 40960K, 2% used [0x00000000fc000000,0x00000000fc130670,0x00000000fe800000)
 Metaspace       used 6573K, capacity 6778K, committed 7040K, reserved 1056768K
  class space    used 775K, capacity 839K, committed 896K, reserved 1048576K
}
Event: 3.045 GC heap before
{Heap before GC invocations=2 (full 0):
 PSYoungGen      total 17920K, used 17888K [0x00000000feb00000, 0x00000000fff00000, 0x0000000100000000)
  eden space 15360K, 100% used [0x00000000feb00000,0x00000000ffa00000,0x00000000ffa00000)
  from space 2560K, 98% used [0x00000000ffa00000,0x00000000ffc78030,0x00000000ffc80000)
  to   space 2560K, 0% used [0x00000000ffc80000,0x00000000ffc80000,0x00000000fff00000)
 ParOldGen       total 40960K, used 1217K [0x00000000fc000000, 0x00000000fe800000, 0x00000000feb00000)
  object space 40960K, 2% used [0x00000000fc000000,0x00000000fc130670,0x00000000fe800000)
 Metaspace       used 7745K, capacity 7972K, committed 8192K, reserved 1056768K
  class space    used 895K, capacity 1002K, committed 1024K, reserved 1048576K
Event: 3.071 GC heap after
Heap after GC invocations=2 (full 0):
 PSYoungGen      total 17920K, used 2548K [0x00000000feb00000, 0x0000000100000000, 0x0000000100000000)
  eden space 15360K, 0% used [0x00000000feb00000,0x00000000feb00000,0x00000000ffa00000)
  from space 2560K, 99% used [0x00000000ffc80000,0x00000000ffefd118,0x00000000fff00000)
  to   space 2560K, 0% used [0x00000000ffa00000,0x00000000ffa00000,0x00000000ffc80000)
 ParOldGen       total 40960K, used 4792K [0x00000000fc000000, 0x00000000fe800000, 0x00000000feb00000)
  object space 40960K, 11% used [0x00000000fc000000,0x00000000fc4ae3a8,0x00000000fe800000)
 Metaspace       used 7745K, capacity 7972K, committed 8192K, reserved 1056768K
  class space    used 895K, capacity 1002K, committed 1024K, reserved 1048576K
}
Event: 3.664 GC heap before
{Heap before GC invocations=3 (full 0):
 PSYoungGen      total 17920K, used 17908K [0x00000000feb00000, 0x0000000100000000, 0x0000000100000000)
  eden space 15360K, 100% used [0x00000000feb00000,0x00000000ffa00000,0x00000000ffa00000)
  from space 2560K, 99% used [0x00000000ffc80000,0x00000000ffefd118,0x00000000fff00000)
  to   space 2560K, 0% used [0x00000000ffa00000,0x00000000ffa00000,0x00000000ffc80000)
 ParOldGen       total 40960K, used 4792K [0x00000000fc000000, 0x00000000fe800000, 0x00000000feb00000)
  object space 40960K, 11% used [0x00000000fc000000,0x00000000fc4ae3a8,0x00000000fe800000)
 Metaspace       used 7865K, capacity 8100K, committed 8192K, reserved 1056768K
  class space    used 896K, capacity 1002K, committed 1024K, reserved 1048576K
Event: 3.675 GC heap after
Heap after GC invocations=3 (full 0):
 PSYoungGen      total 17920K, used 2528K [0x00000000feb00000, 0x0000000100000000, 0x0000000100000000)
  eden space 15360K, 0% used [0x00000000feb00000,0x00000000feb00000,0x00000000ffa00000)
  from space 2560K, 98% used [0x00000000ffa00000,0x00000000ffc781d0,0x00000000ffc80000)
  to   space 2560K, 0% used [0x00000000ffd80000,0x00000000ffd80000,0x0000000100000000)
 ParOldGen       total 40960K, used 4904K [0x00000000fc000000, 0x00000000fe800000, 0x00000000feb00000)
  object space 40960K, 11% used [0x00000000fc000000,0x00000000fc4ca3a8,0x00000000fe800000)
 Metaspace       used 7865K, capacity 8100K, committed 8192K, reserved 1056768K
  class space    used 896K, capacity 1002K, committed 1024K, reserved 1048576K
}
Event: 89.289 GC heap before
{Heap before GC invocations=4 (full 0):
 PSYoungGen      total 17920K, used 17888K [0x00000000feb00000, 0x0000000100000000, 0x0000000100000000)
  eden space 15360K, 100% used [0x00000000feb00000,0x00000000ffa00000,0x00000000ffa00000)
  from space 2560K, 98% used [0x00000000ffa00000,0x00000000ffc781d0,0x00000000ffc80000)
  to   space 2560K, 0% used [0x00000000ffd80000,0x00000000ffd80000,0x0000000100000000)
 ParOldGen       total 40960K, used 4904K [0x00000000fc000000, 0x00000000fe800000, 0x00000000feb00000)
  object space 40960K, 11% used [0x00000000fc000000,0x00000000fc4ca3a8,0x00000000fe800000)
 Metaspace       used 7892K, capacity 8100K, committed 8192K, reserved 1056768K
  class space    used 897K, capacity 1002K, committed 1024K, reserved 1048576K
Event: 89.364 GC heap after
Heap after GC invocations=4 (full 0):
 PSYoungGen      total 18944K, used 2553K [0x00000000feb00000, 0x0000000100000000, 0x0000000100000000)
  eden space 16384K, 0% used [0x00000000feb00000,0x00000000feb00000,0x00000000ffb00000)
  from space 2560K, 99% used [0x00000000ffd80000,0x00000000ffffe428,0x0000000100000000)
  to   space 2560K, 0% used [0x00000000ffb00000,0x00000000ffb00000,0x00000000ffd80000)
 ParOldGen       total 40960K, used 5048K [0x00000000fc000000, 0x00000000fe800000, 0x00000000feb00000)
  object space 40960K, 12% used [0x00000000fc000000,0x00000000fc4ee3a8,0x00000000fe800000)
 Metaspace       used 7892K, capacity 8100K, committed 8192K, reserved 1056768K
  class space    used 897K, capacity 1002K, committed 1024K, reserved 1048576K
}

Deoptimization events (10 events):
Event: 2.693 Thread 0x00007efd0000d800 Uncommon trap: reason=class_check action=maybe_recompile pc=0x00007efcf12283c8 method=com.google.common.collect.TransformedIterator.next()Ljava/lang/Object; @ 5
Event: 2.693 Thread 0x00007efd0000d800 Uncommon trap: reason=class_check action=maybe_recompile pc=0x00007efcf12116d0 method=com.google.common.collect.Iterators$7.transform(Ljava/lang/Object;)Ljava/lang/Object; @ 5
Event: 3.076 Thread 0x00007efd0000d800 Uncommon trap: reason=unstable_if action=reinterpret pc=0x00007efcf1305098 method=org.objectweb.asm.Item.isEqualTo(Lorg/objectweb/asm/Item;)Z @ 345
Event: 3.285 Thread 0x00007efd0000d800 Uncommon trap: reason=unstable_if action=reinterpret pc=0x00007efcf12974b0 method=java.lang.String.<init>([CII)V @ 18
Event: 3.812 Thread 0x00007efd0000d800 Uncommon trap: reason=unstable_if action=reinterpret pc=0x00007efcf133d648 method=org.objectweb.asm.Type.getArgumentsAndReturnSizes(Ljava/lang/String;)I @ 118
Event: 9.738 Thread 0x00007efd0000d800 Uncommon trap: reason=unstable_if action=reinterpret pc=0x00007efcf1373110 method=org.objectweb.asm.ClassReader.readUTF(II[C)Ljava/lang/String; @ 77
Event: 14.053 Thread 0x00007efd0000d800 Uncommon trap: reason=unstable_if action=reinterpret pc=0x00007efcf1311c04 method=org.objectweb.asm.ByteVector.putUTF8(Ljava/lang/String;)Lorg/objectweb/asm/ByteVector; @ 98
Event: 18.497 Thread 0x00007efd0000d800 Uncommon trap: reason=unstable_if action=reinterpret pc=0x00007efcf137e49c method=org.objectweb.asm.MethodWriter.visitVarInsn(II)V @ 148
Event: 81.359 Thread 0x00007efd0000d800 Uncommon trap: reason=unstable_if action=reinterpret pc=0x00007efcf129687c method=java.lang.String.<init>([CII)V @ 18
Event: 85.993 Thread 0x00007efd0000d800 Uncommon trap: reason=unstable_if action=reinterpret pc=0x00007efcf11feaa8 method=java.lang.String.<init>([CII)V @ 18

Classes redefined (0 events):
No events

Internal exceptions (10 events):
Event: 3.517 Thread 0x00007efd0000d800 Exception <a 'sun/nio/fs/UnixException'> (0x00000000ff781c18) thrown at [/usr/local/google/home/ralucas/source/AOSP-openjdk-git/jdk8u/hotspot/src/share/vm/prims/jni.cpp, line 709]
Event: 3.517 Thread 0x00007efd0000d800 Exception <a 'sun/nio/fs/UnixException'> (0x00000000ff7821e0) thrown at [/usr/local/google/home/ralucas/source/AOSP-openjdk-git/jdk8u/hotspot/src/share/vm/prims/jni.cpp, line 709]
Event: 3.557 Thread 0x00007efd0000d800 Exception <a 'sun/nio/fs/UnixException'> (0x00000000ff874c10) thrown at [/usr/local/google/home/ralucas/source/AOSP-openjdk-git/jdk8u/hotspot/src/share/vm/prims/jni.cpp, line 709]
Event: 3.557 Thread 0x00007efd0000d800 Exception <a 'sun/nio/fs/UnixException'> (0x00000000ff8751d8) thrown at [/usr/local/google/home/ralucas/source/AOSP-openjdk-git/jdk8u/hotspot/src/share/vm/prims/jni.cpp, line 709]
Event: 3.592 Thread 0x00007efd0000d800 Exception <a 'sun/nio/fs/UnixException'> (0x00000000ff8d1778) thrown at [/usr/local/google/home/ralucas/source/AOSP-openjdk-git/jdk8u/hotspot/src/share/vm/prims/jni.cpp, line 709]
Event: 3.592 Thread 0x00007efd0000d800 Exception <a 'sun/nio/fs/UnixException'> (0x00000000ff8d1d40) thrown at [/usr/local/google/home/ralucas/source/AOSP-openjdk-git/jdk8u/hotspot/src/share/vm/prims/jni.cpp, line 709]
Event: 3.680 Thread 0x00007efd0000d800 Exception <a 'sun/nio/fs/UnixException'> (0x00000000feb512f0) thrown at [/usr/local/google/home/ralucas/source/AOSP-openjdk-git/jdk8u/hotspot/src/share/vm/prims/jni.cpp, line 709]
Event: 3.680 Thread 0x00007efd0000d800 Exception <a 'sun/nio/fs/UnixException'> (0x00000000feb518b8) thrown at [/usr/local/google/home/ralucas/source/AOSP-openjdk-git/jdk8u/hotspot/src/share/vm/prims/jni.cpp, line 709]
Event: 90.103 Thread 0x00007efd0000d800 Exception <a 'sun/nio/fs/UnixException'> (0x00000000ff3c0440) thrown at [/usr/local/google/home/ralucas/source/AOSP-openjdk-git/jdk8u/hotspot/src/share/vm/prims/jni.cpp, line 709]
Event: 90.104 Thread 0x00007efd0000d800 Exception <a 'sun/nio/fs/UnixException'> (0x00000000ff3c0a08) thrown at [/usr/local/google/home/ralucas/source/AOSP-openjdk-git/jdk8u/hotspot/src/share/vm/prims/jni.cpp, line 709]

Events (10 events):
Event: 90.072 loading class com/google/devtools/build/android/desugar/AutoValue_FieldInfo
Event: 90.072 loading class com/google/devtools/build/android/desugar/AutoValue_FieldInfo done
Event: 90.079 loading class com/google/devtools/build/android/desugar/Java7Compatibility$InlineOneMethod
Event: 90.079 loading class com/google/devtools/build/android/desugar/Java7Compatibility$InlineOneMethod done
Event: 90.260 Thread 0x00007efd0000d800 DEOPT PACKING pc=0x00007efcf12aebd1 sp=0x00007efd08229de0
Event: 90.268 Thread 0x00007efd0000d800 DEOPT UNPACKING pc=0x00007efcf10474c4 sp=0x00007efd08229dc8 mode 0
Event: 90.342 Thread 0x00007efd0000d800 DEOPT PACKING pc=0x00007efcf12aebd1 sp=0x00007efd08229de0
Event: 90.371 Thread 0x00007efd0000d800 DEOPT UNPACKING pc=0x00007efcf10474c4 sp=0x00007efd08229dc8 mode 0
Event: 90.546 Thread 0x00007efd0000d800 DEOPT PACKING pc=0x00007efcf12aebd1 sp=0x00007efd08229de0
Event: 90.554 Thread 0x00007efd0000d800 DEOPT UNPACKING pc=0x00007efcf10474c4 sp=0x00007efd08229dc8 mode 0


Dynamic libraries:
00400000-00401000 r-xp 00000000 08:05 1069929                            /bin/android-studio/jre/bin/java
00600000-00601000 r--p 00000000 08:05 1069929                            /bin/android-studio/jre/bin/java
00601000-00602000 rw-p 00001000 08:05 1069929                            /bin/android-studio/jre/bin/java
00e30000-00e51000 rw-p 00000000 00:00 0                                  [heap]
fc000000-fe800000 rw-p 00000000 00:00 0 
fe800000-feb00000 ---p 00000000 00:00 0 
feb00000-100000000 rw-p 00000000 00:00 0 
100000000-100100000 rw-p 00000000 00:00 0 
100100000-140000000 ---p 00000000 00:00 0 
7efcb4fff000-7efcb8000000 rw-p 00000000 00:00 0 
7efcb8000000-7efcb8021000 rw-p 00000000 00:00 0 
7efcb8021000-7efcbc000000 ---p 00000000 00:00 0 
7efcbc000000-7efcbc021000 rw-p 00000000 00:00 0 
7efcbc021000-7efcc0000000 ---p 00000000 00:00 0 
7efcc0000000-7efcc0c7f000 rw-p 00000000 00:00 0 
7efcc0c7f000-7efcc4000000 ---p 00000000 00:00 0 
7efcc4000000-7efcc4bb2000 rw-p 00000000 00:00 0 
7efcc4bb2000-7efcc8000000 ---p 00000000 00:00 0 
7efcc8000000-7efcc8021000 rw-p 00000000 00:00 0 
7efcc8021000-7efccc000000 ---p 00000000 00:00 0 
7efccc000000-7efccd978000 rw-p 00000000 00:00 0 
7efccd978000-7efcd0000000 ---p 00000000 00:00 0 
7efcd0000000-7efcd0021000 rw-p 00000000 00:00 0 
7efcd0021000-7efcd4000000 ---p 00000000 00:00 0 
7efcd4000000-7efcd4021000 rw-p 00000000 00:00 0 
7efcd4021000-7efcd8000000 ---p 00000000 00:00 0 
7efcd8000000-7efcd8021000 rw-p 00000000 00:00 0 
7efcd8021000-7efcdc000000 ---p 00000000 00:00 0 
7efcdc000000-7efcdc021000 rw-p 00000000 00:00 0 
7efcdc021000-7efce0000000 ---p 00000000 00:00 0 
7efce2b2c000-7efce2c39000 r--s 01b1d000 08:05 161715                     /home/madness/Android/Sdk/platforms/android-27/android.jar
7efce2c39000-7efce2c4f000 r-xp 00000000 08:05 1070054                    /bin/android-studio/jre/jre/lib/amd64/libnet.so
7efce2c4f000-7efce2e4f000 ---p 00016000 08:05 1070054                    /bin/android-studio/jre/jre/lib/amd64/libnet.so
7efce2e4f000-7efce2e50000 r--p 00016000 08:05 1070054                    /bin/android-studio/jre/jre/lib/amd64/libnet.so
7efce2e50000-7efce2e51000 rw-p 00017000 08:05 1070054                    /bin/android-studio/jre/jre/lib/amd64/libnet.so
7efce2e51000-7efce2e62000 r-xp 00000000 08:05 1070052                    /bin/android-studio/jre/jre/lib/amd64/libnio.so
7efce2e62000-7efce3061000 ---p 00011000 08:05 1070052                    /bin/android-studio/jre/jre/lib/amd64/libnio.so
7efce3061000-7efce3062000 r--p 00010000 08:05 1070052                    /bin/android-studio/jre/jre/lib/amd64/libnio.so
7efce3062000-7efce3063000 rw-p 00011000 08:05 1070052                    /bin/android-studio/jre/jre/lib/amd64/libnio.so
7efce3063000-7efce3064000 ---p 00000000 00:00 0 
7efce3064000-7efce3164000 rw-p 00000000 00:00 0 
7efce3164000-7efce3167000 ---p 00000000 00:00 0 
7efce3167000-7efce3265000 rw-p 00000000 00:00 0 
7efce3265000-7efce3268000 ---p 00000000 00:00 0 
7efce3268000-7efce3366000 rw-p 00000000 00:00 0 
7efce3366000-7efce3369000 ---p 00000000 00:00 0 
7efce3369000-7efce3467000 rw-p 00000000 00:00 0 
7efce3467000-7efce346a000 ---p 00000000 00:00 0 
7efce346a000-7efce3568000 rw-p 00000000 00:00 0 
7efce3568000-7efce356b000 ---p 00000000 00:00 0 
7efce356b000-7efce3669000 rw-p 00000000 00:00 0 
7efce3669000-7efce3afb000 r--p 00000000 08:05 261704                     /usr/lib/locale/locale-archive
7efce3afb000-7efce3afe000 ---p 00000000 00:00 0 
7efce3afe000-7efce3bfc000 rw-p 00000000 00:00 0 
7efce3bfc000-7efce3bff000 ---p 00000000 00:00 0 
7efce3bff000-7efce3cfd000 rw-p 00000000 00:00 0 
7efce3cfd000-7efce3cfe000 ---p 00000000 00:00 0 
7efce3cfe000-7efce4000000 rw-p 00000000 00:00 0 
7efce4000000-7efce4021000 rw-p 00000000 00:00 0 
7efce4021000-7efce8000000 ---p 00000000 00:00 0 
7efce8000000-7efce8021000 rw-p 00000000 00:00 0 
7efce8021000-7efcec000000 ---p 00000000 00:00 0 
7efcec000000-7efcec021000 rw-p 00000000 00:00 0 
7efcec021000-7efcf0000000 ---p 00000000 00:00 0 
7efcf0051000-7efcf0072000 r--p 00000000 08:05 793734                     /usr/share/locale-langpack/zh_CN/LC_MESSAGES/libc.mo
7efcf0072000-7efcf0073000 r--s 00005000 08:05 1302                       /home/madness/11a/CollisionBuild/app/build/intermediates/transforms/stackFramesFixer/debug/18.jar
7efcf0073000-7efcf0074000 r--s 00002000 08:05 1309                       /home/madness/11a/CollisionBuild/app/build/intermediates/transforms/stackFramesFixer/debug/17.jar
7efcf0074000-7efcf0075000 r--s 00009000 08:05 1308                       /home/madness/11a/CollisionBuild/app/build/intermediates/transforms/stackFramesFixer/debug/16.jar
7efcf0075000-7efcf0076000 r--s 00004000 08:05 1307                       /home/madness/11a/CollisionBuild/app/build/intermediates/transforms/stackFramesFixer/debug/15.jar
7efcf0076000-7efcf0077000 r--s 00003000 08:05 1306                       /home/madness/11a/CollisionBuild/app/build/intermediates/transforms/stackFramesFixer/debug/14.jar
7efcf0077000-7efcf0078000 r--s 00004000 08:05 1305                       /home/madness/11a/CollisionBuild/app/build/intermediates/transforms/stackFramesFixer/debug/13.jar
7efcf0078000-7efcf007a000 r--s 00032000 08:05 1304                       /home/madness/11a/CollisionBuild/app/build/intermediates/transforms/stackFramesFixer/debug/12.jar
7efcf007a000-7efcf007c000 r--s 00008000 08:05 1303                       /home/madness/11a/CollisionBuild/app/build/intermediates/transforms/stackFramesFixer/debug/11.jar
7efcf007c000-7efcf0088000 r--s 00125000 08:05 1301                       /home/madness/11a/CollisionBuild/app/build/intermediates/transforms/stackFramesFixer/debug/10.jar
7efcf0088000-7efcf008a000 r--s 00010000 08:05 1300                       /home/madness/11a/CollisionBuild/app/build/intermediates/transforms/stackFramesFixer/debug/9.jar
7efcf008a000-7efcf008f000 r--s 00088000 08:05 1298                       /home/madness/11a/CollisionBuild/app/build/intermediates/transforms/stackFramesFixer/debug/7.jar
7efcf008f000-7efcf0093000 r--s 0005f000 08:05 1296                       /home/madness/11a/CollisionBuild/app/build/intermediates/transforms/stackFramesFixer/debug/5.jar
7efcf0093000-7efcf0099000 r--s 000c1000 08:05 1295                       /home/madness/11a/CollisionBuild/app/build/intermediates/transforms/stackFramesFixer/debug/4.jar
7efcf0099000-7efcf00ab000 r--s 00345000 08:05 1070011                    /bin/android-studio/jre/jre/lib/resources.jar
7efcf00ab000-7efcf00e1000 r--s 002a2000 08:05 675296                     /tmp/desugar_deploy.jar4257197292349315128
7efcf00e1000-7efcf0e30000 rw-p 00000000 00:00 0 
7efcf0e30000-7efcf1000000 r--s 03c46000 08:05 1070008                    /bin/android-studio/jre/jre/lib/rt.jar
7efcf1000000-7efcf1410000 rwxp 00000000 00:00 0 
7efcf1419000-7efcf1420000 r--s 00000000 08:05 406936                     /usr/lib/x86_64-linux-gnu/gconv/gconv-modules.cache
7efcf1420000-7efd00000000 ---p 00000000 00:00 0 
7efd00000000-7efd003be000 rw-p 00000000 00:00 0 
7efd003be000-7efd04000000 ---p 00000000 00:00 0 
7efd04000000-7efd0400b000 r--s 00160000 08:05 1291                       /home/madness/11a/CollisionBuild/app/build/intermediates/transforms/stackFramesFixer/debug/0.jar
7efd0400b000-7efd04016000 r--s 00040000 08:05 161718                     /home/madness/Android/Sdk/platforms/android-27/optional/org.apache.http.legacy.jar
7efd04016000-7efd0487d000 rw-p 00000000 00:00 0 
7efd0487d000-7efd0493d000 ---p 00000000 00:00 0 
7efd0493d000-7efd04b3d000 rw-p 00000000 00:00 0 
7efd04b3d000-7efd04b3e000 ---p 00000000 00:00 0 
7efd04b3e000-7efd04c3e000 rw-p 00000000 00:00 0 
7efd04c3e000-7efd04c3f000 ---p 00000000 00:00 0 
7efd04c3f000-7efd04d3f000 rw-p 00000000 00:00 0 
7efd04d3f000-7efd04d40000 ---p 00000000 00:00 0 
7efd04d40000-7efd04e40000 rw-p 00000000 00:00 0 
7efd04e40000-7efd04e41000 ---p 00000000 00:00 0 
7efd04e41000-7efd04f52000 rw-p 00000000 00:00 0 
7efd04f52000-7efd05301000 ---p 00000000 00:00 0 
7efd05301000-7efd0531b000 r-xp 00000000 08:05 1070029                    /bin/android-studio/jre/jre/lib/amd64/libzip.so
7efd0531b000-7efd0551b000 ---p 0001a000 08:05 1070029                    /bin/android-studio/jre/jre/lib/amd64/libzip.so
7efd0551b000-7efd0551c000 r--p 0001a000 08:05 1070029                    /bin/android-studio/jre/jre/lib/amd64/libzip.so
7efd0551c000-7efd0551d000 rw-p 0001b000 08:05 1070029                    /bin/android-studio/jre/jre/lib/amd64/libzip.so
7efd0551d000-7efd05528000 r-xp 00000000 08:05 534561                     /lib/x86_64-linux-gnu/libnss_files-2.26.so
7efd05528000-7efd05727000 ---p 0000b000 08:05 534561                     /lib/x86_64-linux-gnu/libnss_files-2.26.so
7efd05727000-7efd05728000 r--p 0000a000 08:05 534561                     /lib/x86_64-linux-gnu/libnss_files-2.26.so
7efd05728000-7efd05729000 rw-p 0000b000 08:05 534561                     /lib/x86_64-linux-gnu/libnss_files-2.26.so
7efd05729000-7efd0572f000 rw-p 00000000 00:00 0 
7efd0572f000-7efd0573a000 r-xp 00000000 08:05 534563                     /lib/x86_64-linux-gnu/libnss_nis-2.26.so
7efd0573a000-7efd05939000 ---p 0000b000 08:05 534563                     /lib/x86_64-linux-gnu/libnss_nis-2.26.so
7efd05939000-7efd0593a000 r--p 0000a000 08:05 534563                     /lib/x86_64-linux-gnu/libnss_nis-2.26.so
7efd0593a000-7efd0593b000 rw-p 0000b000 08:05 534563                     /lib/x86_64-linux-gnu/libnss_nis-2.26.so
7efd0593b000-7efd05952000 r-xp 00000000 08:05 534558                     /lib/x86_64-linux-gnu/libnsl-2.26.so
7efd05952000-7efd05b51000 ---p 00017000 08:05 534558                     /lib/x86_64-linux-gnu/libnsl-2.26.so
7efd05b51000-7efd05b52000 r--p 00016000 08:05 534558                     /lib/x86_64-linux-gnu/libnsl-2.26.so
7efd05b52000-7efd05b53000 rw-p 00017000 08:05 534558                     /lib/x86_64-linux-gnu/libnsl-2.26.so
7efd05b53000-7efd05b55000 rw-p 00000000 00:00 0 
7efd05b55000-7efd05b5d000 r-xp 00000000 08:05 534559                     /lib/x86_64-linux-gnu/libnss_compat-2.26.so
7efd05b5d000-7efd05d5c000 ---p 00008000 08:05 534559                     /lib/x86_64-linux-gnu/libnss_compat-2.26.so
7efd05d5c000-7efd05d5d000 r--p 00007000 08:05 534559                     /lib/x86_64-linux-gnu/libnss_compat-2.26.so
7efd05d5d000-7efd05d5e000 rw-p 00008000 08:05 534559                     /lib/x86_64-linux-gnu/libnss_compat-2.26.so
7efd05d5e000-7efd05d8b000 r-xp 00000000 08:05 1070028                    /bin/android-studio/jre/jre/lib/amd64/libjava.so
7efd05d8b000-7efd05f8a000 ---p 0002d000 08:05 1070028                    /bin/android-studio/jre/jre/lib/amd64/libjava.so
7efd05f8a000-7efd05f8b000 r--p 0002c000 08:05 1070028                    /bin/android-studio/jre/jre/lib/amd64/libjava.so
7efd05f8b000-7efd05f8d000 rw-p 0002d000 08:05 1070028                    /bin/android-studio/jre/jre/lib/amd64/libjava.so
7efd05f8d000-7efd05f9d000 r-xp 00000000 08:05 1070034                    /bin/android-studio/jre/jre/lib/amd64/libverify.so
7efd05f9d000-7efd0619c000 ---p 00010000 08:05 1070034                    /bin/android-studio/jre/jre/lib/amd64/libverify.so
7efd0619c000-7efd0619e000 r--p 0000f000 08:05 1070034                    /bin/android-studio/jre/jre/lib/amd64/libverify.so
7efd0619e000-7efd0619f000 rw-p 00011000 08:05 1070034                    /bin/android-studio/jre/jre/lib/amd64/libverify.so
7efd0619f000-7efd061a6000 r-xp 00000000 08:05 534568                     /lib/x86_64-linux-gnu/librt-2.26.so
7efd061a6000-7efd063a5000 ---p 00007000 08:05 534568                     /lib/x86_64-linux-gnu/librt-2.26.so
7efd063a5000-7efd063a6000 r--p 00006000 08:05 534568                     /lib/x86_64-linux-gnu/librt-2.26.so
7efd063a6000-7efd063a7000 rw-p 00007000 08:05 534568                     /lib/x86_64-linux-gnu/librt-2.26.so
7efd063a7000-7efd064fc000 r-xp 00000000 08:05 534555                     /lib/x86_64-linux-gnu/libm-2.26.so
7efd064fc000-7efd066fb000 ---p 00155000 08:05 534555                     /lib/x86_64-linux-gnu/libm-2.26.so
7efd066fb000-7efd066fc000 r--p 00154000 08:05 534555                     /lib/x86_64-linux-gnu/libm-2.26.so
7efd066fc000-7efd066fd000 rw-p 00155000 08:05 534555                     /lib/x86_64-linux-gnu/libm-2.26.so
7efd066fd000-7efd072f9000 r-xp 00000000 08:05 1070038                    /bin/android-studio/jre/jre/lib/amd64/server/libjvm.so
7efd072f9000-7efd074f9000 ---p 00bfc000 08:05 1070038                    /bin/android-studio/jre/jre/lib/amd64/server/libjvm.so
7efd074f9000-7efd07599000 r--p 00bfc000 08:05 1070038                    /bin/android-studio/jre/jre/lib/amd64/server/libjvm.so
7efd07599000-7efd075c2000 rw-p 00c9c000 08:05 1070038                    /bin/android-studio/jre/jre/lib/amd64/server/libjvm.so
7efd075c2000-7efd07606000 rw-p 00000000 00:00 0 
7efd07606000-7efd07620000 r-xp 00000000 08:05 534566                     /lib/x86_64-linux-gnu/libpthread-2.26.so
7efd07620000-7efd0781f000 ---p 0001a000 08:05 534566                     /lib/x86_64-linux-gnu/libpthread-2.26.so
7efd0781f000-7efd07820000 r--p 00019000 08:05 534566                     /lib/x86_64-linux-gnu/libpthread-2.26.so
7efd07820000-7efd07821000 rw-p 0001a000 08:05 534566                     /lib/x86_64-linux-gnu/libpthread-2.26.so
7efd07821000-7efd07825000 rw-p 00000000 00:00 0 
7efd07825000-7efd07828000 r-xp 00000000 08:05 534554                     /lib/x86_64-linux-gnu/libdl-2.26.so
7efd07828000-7efd07a27000 ---p 00003000 08:05 534554                     /lib/x86_64-linux-gnu/libdl-2.26.so
7efd07a27000-7efd07a28000 r--p 00002000 08:05 534554                     /lib/x86_64-linux-gnu/libdl-2.26.so
7efd07a28000-7efd07a29000 rw-p 00003000 08:05 534554                     /lib/x86_64-linux-gnu/libdl-2.26.so
7efd07a29000-7efd07bff000 r-xp 00000000 08:05 534551                     /lib/x86_64-linux-gnu/libc-2.26.so
7efd07bff000-7efd07dff000 ---p 001d6000 08:05 534551                     /lib/x86_64-linux-gnu/libc-2.26.so
7efd07dff000-7efd07e03000 r--p 001d6000 08:05 534551                     /lib/x86_64-linux-gnu/libc-2.26.so
7efd07e03000-7efd07e05000 rw-p 001da000 08:05 534551                     /lib/x86_64-linux-gnu/libc-2.26.so
7efd07e05000-7efd07e09000 rw-p 00000000 00:00 0 
7efd07e09000-7efd07e1f000 r-xp 00000000 08:05 1069977                    /bin/android-studio/jre/lib/amd64/jli/libjli.so
7efd07e1f000-7efd0801e000 ---p 00016000 08:05 1069977                    /bin/android-studio/jre/lib/amd64/jli/libjli.so
7efd0801e000-7efd0801f000 r--p 00015000 08:05 1069977                    /bin/android-studio/jre/lib/amd64/jli/libjli.so
7efd0801f000-7efd08020000 rw-p 00016000 08:05 1069977                    /bin/android-studio/jre/lib/amd64/jli/libjli.so
7efd08020000-7efd08047000 r-xp 00000000 08:05 534547                     /lib/x86_64-linux-gnu/ld-2.26.so
7efd08047000-7efd0804a000 r--s 00032000 08:05 1299                       /home/madness/11a/CollisionBuild/app/build/intermediates/transforms/stackFramesFixer/debug/8.jar
7efd0804a000-7efd0804c000 r--s 0000a000 08:05 1294                       /home/madness/11a/CollisionBuild/app/build/intermediates/transforms/stackFramesFixer/debug/3.jar
7efd0804c000-7efd08051000 r--s 002f9000 08:05 1070009                    /bin/android-studio/jre/jre/lib/charsets.jar
7efd08051000-7efd08108000 rw-p 00000000 00:00 0 
7efd08108000-7efd0810a000 ---p 00000000 00:00 0 
7efd0810a000-7efd0811e000 rw-p 00000000 00:00 0 
7efd0811e000-7efd0811f000 ---p 00000000 00:00 0 
7efd0811f000-7efd0812b000 rw-p 00000000 00:00 0 
7efd0812b000-7efd0812e000 ---p 00000000 00:00 0 
7efd0812e000-7efd0822e000 rw-p 00000000 00:00 0 
7efd0822e000-7efd0822f000 r--s 00012000 08:05 1297                       /home/madness/11a/CollisionBuild/app/build/intermediates/transforms/stackFramesFixer/debug/6.jar
7efd0822f000-7efd08230000 r--s 0000b000 08:05 1292                       /home/madness/11a/CollisionBuild/app/build/intermediates/transforms/stackFramesFixer/debug/2.jar
7efd08230000-7efd08231000 r--s 00013000 08:05 1293                       /home/madness/11a/CollisionBuild/app/build/intermediates/transforms/stackFramesFixer/debug/1.jar
7efd08231000-7efd08234000 r--s 00015000 08:05 1070010                    /bin/android-studio/jre/jre/lib/jce.jar
7efd08234000-7efd08239000 r--s 0009a000 08:05 1070107                    /bin/android-studio/jre/jre/lib/jsse.jar
7efd08239000-7efd0823b000 rw-p 00000000 00:00 0 
7efd0823b000-7efd08243000 rw-s 00000000 08:05 751957                     /tmp/hsperfdata_madness/16671
7efd08243000-7efd08244000 rw-p 00000000 00:00 0 
7efd08244000-7efd08245000 r--p 00000000 00:00 0 
7efd08245000-7efd08247000 rw-p 00000000 00:00 0 
7efd08247000-7efd08248000 r--p 00027000 08:05 534547                     /lib/x86_64-linux-gnu/ld-2.26.so
7efd08248000-7efd08249000 rw-p 00028000 08:05 534547                     /lib/x86_64-linux-gnu/ld-2.26.so
7efd08249000-7efd0824a000 rw-p 00000000 00:00 0 
7ffda9ae1000-7ffda9b03000 rw-p 00000000 00:00 0                          [stack]
7ffda9b7e000-7ffda9b81000 r--p 00000000 00:00 0                          [vvar]
7ffda9b81000-7ffda9b83000 r-xp 00000000 00:00 0                          [vdso]
ffffffffff600000-ffffffffff601000 r-xp 00000000 00:00 0                  [vsyscall]

VM Arguments:
jvm_args: -Djava.awt.headless=true -Xmx64M -Dfile.encoding=UTF-8 -Duser.country=CN -Duser.language=zh -Duser.variant 
java_command: com.google.devtools.build.android.desugar.Desugar --input /home/madness/11a/CollisionBuild/app/build/intermediates/transforms/stackFramesFixer/debug/4.jar --output /home/madness/11a/CollisionBuild/app/build/intermediates/transforms/desugar/debug/5.jar --input /home/madness/11a/CollisionBuild/app/build/intermediates/transforms/stackFramesFixer/debug/3.jar --output /home/madness/11a/CollisionBuild/app/build/intermediates/transforms/desugar/debug/4.jar --input /home/madness/11a/CollisionBuild/app/build/intermediates/transforms/stackFramesFixer/debug/2.jar --output /home/madness/11a/CollisionBuild/app/build/intermediates/transforms/desugar/debug/3.jar --input /home/madness/11a/CollisionBuild/app/build/intermediates/transforms/stackFramesFixer/debug/13.jar --output /home/madness/11a/CollisionBuild/app/build/intermediates/transforms/desugar/debug/14.jar --input /home/madness/11a/CollisionBuild/app/build/intermediates/transforms/stackFramesFixer/debug/1.jar --output /home/madness/11a/CollisionBuild/app/build/intermediates/transforms/desugar/debug/2.jar --input /home/madness/11a/CollisionBuild/app/build/intermediates/transforms/stackFramesFixer/debug/10.jar --output /home/madness/11a/CollisionBuild/app/build/intermediates/transforms/desugar/debug/11.jar --input /home/madness/11a/CollisionBuild/app/build/intermediates/transforms/stackFramesFixer/debug/7.jar --output /home/madness/11a/CollisionBuild/app/build/intermediates/transforms/desugar/debug/8.jar --classpath_entry /home/madness/11a/CollisionBuild/app/build/intermediates/classes/debug --classpath_entry /home/madness/11a/CollisionBuild/app/build/intermediates/transforms/stackFramesFixer/debug/0.jar --classpath_entry /home/madness/11a/CollisionBuild/app/build/intermediates/transforms/stackFramesFixer/debug/1.jar --classpath_entry /home/madness/11a/CollisionBuild/app/build/intermediates/transforms/stackFramesFixer/debug/2.jar --classpath_entry /home/madness/11a/CollisionBuild/app/build/intermediates/transfo
java_class_path (initial): /tmp/desugar_deploy.jar4257197292349315128
Launcher Type: SUN_STANDARD

Environment Variables:
PATH=/usr/local/sbin:/usr/local/bin:/usr/sbin:/usr/bin:/sbin:/bin:/usr/games:/usr/local/games:/snap/bin
USERNAME=madness
SHELL=/bin/bash
DISPLAY=:0

Signal Handlers:
SIGSEGV: [libjvm.so+0x9edb30], sa_mask[0]=11111111011111111101111111111110, sa_flags=SA_RESTART|SA_SIGINFO
SIGBUS: [libjvm.so+0x9edb30], sa_mask[0]=11111111011111111101111111111110, sa_flags=SA_RESTART|SA_SIGINFO
SIGFPE: [libjvm.so+0x84e800], sa_mask[0]=11111111011111111101111111111110, sa_flags=SA_RESTART|SA_SIGINFO
SIGPIPE: [libjvm.so+0x84e800], sa_mask[0]=11111111011111111101111111111110, sa_flags=SA_RESTART|SA_SIGINFO
SIGXFSZ: [libjvm.so+0x84e800], sa_mask[0]=11111111011111111101111111111110, sa_flags=SA_RESTART|SA_SIGINFO
SIGILL: [libjvm.so+0x84e800], sa_mask[0]=11111111011111111101111111111110, sa_flags=SA_RESTART|SA_SIGINFO
SIGUSR1: SIG_DFL, sa_mask[0]=00000000000000000000000000000000, sa_flags=none
SIGUSR2: [libjvm.so+0x84e6d0], sa_mask[0]=00100000000000000000000000000000, sa_flags=SA_RESTART|SA_SIGINFO
SIGHUP: [libjvm.so+0x84e8c0], sa_mask[0]=11111111011111111101111111111110, sa_flags=SA_RESTART|SA_SIGINFO
SIGINT: [libjvm.so+0x84e8c0], sa_mask[0]=11111111011111111101111111111110, sa_flags=SA_RESTART|SA_SIGINFO
SIGTERM: [libjvm.so+0x84e8c0], sa_mask[0]=11111111011111111101111111111110, sa_flags=SA_RESTART|SA_SIGINFO
SIGQUIT: [libjvm.so+0x84e8c0], sa_mask[0]=11111111011111111101111111111110, sa_flags=SA_RESTART|SA_SIGINFO


---------------  S Y S T E M  ---------------

OS:DISTRIB_ID=Ubuntu
DISTRIB_RELEASE=17.10
DISTRIB_CODENAME=artful
DISTRIB_DESCRIPTION="Ubuntu 17.10"

uname:Linux 4.13.0-38-generic #43-Ubuntu SMP Wed Mar 14 15:20:44 UTC 2018 x86_64
libc:glibc 2.26 NPTL 2.26 
rlimit: STACK 8192k, CORE 0k, NPROC 14992, NOFILE 1048576, AS infinity
load average:34.69 12.97 5.24

/proc/meminfo:
MemTotal:        3892404 kB
MemFree:          126312 kB
MemAvailable:      42512 kB
Buffers:            2916 kB
Cached:            72980 kB
SwapCached:          236 kB
Active:          2980104 kB
Inactive:         618304 kB
Active(anon):    2965968 kB
Inactive(anon):   590536 kB
Active(file):      14136 kB
Inactive(file):    27768 kB
Unevictable:          80 kB
Mlocked:              80 kB
SwapTotal:       1041280 kB
SwapFree:            256 kB
Dirty:               332 kB
Writeback:            32 kB
AnonPages:       3523064 kB
Mapped:            26496 kB
Shmem:             33628 kB
Slab:              74652 kB
SReclaimable:      36992 kB
SUnreclaim:        37660 kB
KernelStack:        9024 kB
PageTables:        40084 kB
NFS_Unstable:          0 kB
Bounce:                0 kB
WritebackTmp:          0 kB
CommitLimit:     2987480 kB
Committed_AS:    7189888 kB
VmallocTotal:   34359738367 kB
VmallocUsed:           0 kB
VmallocChunk:          0 kB
HardwareCorrupted:     0 kB
AnonHugePages:         0 kB
ShmemHugePages:        0 kB
ShmemPmdMapped:        0 kB
CmaTotal:              0 kB
CmaFree:               0 kB
HugePages_Total:       0
HugePages_Free:        0
HugePages_Rsvd:        0
HugePages_Surp:        0
Hugepagesize:       2048 kB
DirectMap4k:      124752 kB
DirectMap2M:     3921920 kB
DirectMap1G:           0 kB


CPU:total 4 (initial active 4) (2 cores per cpu, 2 threads per core) family 6 model 78 stepping 3, cmov, cx8, fxsr, mmx, sse, sse2, sse3, ssse3, sse4.1, sse4.2, popcnt, avx, avx2, aes, clmul, erms, 3dnowpref, lzcnt, ht, tsc, tscinvbit, bmi1, bmi2, adx

/proc/cpuinfo:
processor	: 0
vendor_id	: GenuineIntel
cpu family	: 6
model		: 78
model name	: Intel(R) Core(TM) i3-6006U CPU @ 2.00GHz
stepping	: 3
microcode	: 0x8a
cpu MHz		: 1999.999
cache size	: 3072 KB
physical id	: 0
siblings	: 4
core id		: 0
cpu cores	: 2
apicid		: 0
initial apicid	: 0
fpu		: yes
fpu_exception	: yes
cpuid level	: 22
wp		: yes
flags		: fpu vme de pse tsc msr pae mce cx8 apic sep mtrr pge mca cmov pat pse36 clflush dts acpi mmx fxsr sse sse2 ss ht tm pbe syscall nx pdpe1gb rdtscp lm constant_tsc art arch_perfmon pebs bts rep_good nopl xtopology nonstop_tsc cpuid aperfmperf tsc_known_freq pni pclmulqdq dtes64 monitor ds_cpl vmx est tm2 ssse3 sdbg fma cx16 xtpr pdcm pcid sse4_1 sse4_2 x2apic movbe popcnt aes xsave avx f16c rdrand lahf_lm abm 3dnowprefetch cpuid_fault epb invpcid_single pti retpoline intel_pt rsb_ctxsw tpr_shadow vnmi flexpriority ept vpid fsgsbase tsc_adjust bmi1 avx2 smep bmi2 erms invpcid mpx rdseed adx smap clflushopt xsaveopt xsavec xgetbv1 xsaves dtherm arat pln pts hwp hwp_notify hwp_act_window hwp_epp
bugs		: cpu_meltdown spectre_v1 spectre_v2
bogomips	: 3984.00
clflush size	: 64
cache_alignment	: 64
address sizes	: 39 bits physical, 48 bits virtual
power management:

processor	: 1
vendor_id	: GenuineIntel
cpu family	: 6
model		: 78
model name	: Intel(R) Core(TM) i3-6006U CPU @ 2.00GHz
stepping	: 3
microcode	: 0x8a
cpu MHz		: 1999.998
cache size	: 3072 KB
physical id	: 0
siblings	: 4
core id		: 1
cpu cores	: 2
apicid		: 2
initial apicid	: 2
fpu		: yes
fpu_exception	: yes
cpuid level	: 22
wp		: yes
flags		: fpu vme de pse tsc msr pae mce cx8 apic sep mtrr pge mca cmov pat pse36 clflush dts acpi mmx fxsr sse sse2 ss ht tm pbe syscall nx pdpe1gb rdtscp lm constant_tsc art arch_perfmon pebs bts rep_good nopl xtopology nonstop_tsc cpuid aperfmperf tsc_known_freq pni pclmulqdq dtes64 monitor ds_cpl vmx est tm2 ssse3 sdbg fma cx16 xtpr pdcm pcid sse4_1 sse4_2 x2apic movbe popcnt aes xsave avx f16c rdrand lahf_lm abm 3dnowprefetch cpuid_fault epb invpcid_single pti retpoline intel_pt rsb_ctxsw tpr_shadow vnmi flexpriority ept vpid fsgsbase tsc_adjust bmi1 avx2 smep bmi2 erms invpcid mpx rdseed adx smap clflushopt xsaveopt xsavec xgetbv1 xsaves dtherm arat pln pts hwp hwp_notify hwp_act_window hwp_epp
bugs		: cpu_meltdown spectre_v1 spectre_v2
bogomips	: 3984.00
clflush size	: 64
cache_alignment	: 64
address sizes	: 39 bits physical, 48 bits virtual
power management:

processor	: 2
vendor_id	: GenuineIntel
cpu family	: 6
model		: 78
model name	: Intel(R) Core(TM) i3-6006U CPU @ 2.00GHz
stepping	: 3
microcode	: 0x8a
cpu MHz		: 2000.000
cache size	: 3072 KB
physical id	: 0
siblings	: 4
core id		: 0
cpu cores	: 2
apicid		: 1
initial apicid	: 1
fpu		: yes
fpu_exception	: yes
cpuid level	: 22
wp		: yes
flags		: fpu vme de pse tsc msr pae mce cx8 apic sep mtrr pge mca cmov pat pse36 clflush dts acpi mmx fxsr sse sse2 ss ht tm pbe syscall nx pdpe1gb rdtscp lm constant_tsc art arch_perfmon pebs bts rep_good nopl xtopology nonstop_tsc cpuid aperfmperf tsc_known_freq pni pclmulqdq dtes64 monitor ds_cpl vmx est tm2 ssse3 sdbg fma cx16 xtpr pdcm pcid sse4_1 sse4_2 x2apic movbe popcnt aes xsave avx f16c rdrand lahf_lm abm 3dnowprefetch cpuid_fault epb invpcid_single pti retpoline intel_pt rsb_ctxsw tpr_shadow vnmi flexpriority ept vpid fsgsbase tsc_adjust bmi1 avx2 smep bmi2 erms invpcid mpx rdseed adx smap clflushopt xsaveopt xsavec xgetbv1 xsaves dtherm arat pln pts hwp hwp_notify hwp_act_window hwp_epp
bugs		: cpu_meltdown spectre_v1 spectre_v2
bogomips	: 3984.00
clflush size	: 64
cache_alignment	: 64
address sizes	: 39 bits physical, 48 bits virtual
power management:

processor	: 3
vendor_id	: GenuineIntel
cpu family	: 6
model		: 78
model name	: Intel(R) Core(TM) i3-6006U CPU @ 2.00GHz
stepping	: 3
microcode	: 0x8a
cpu MHz		: 2000.000
cache size	: 3072 KB
physical id	: 0
siblings	: 4
core id		: 1
cpu cores	: 2
apicid		: 3
initial apicid	: 3
fpu		: yes
fpu_exception	: yes
cpuid level	: 22
wp		: yes
flags		: fpu vme de pse tsc msr pae mce cx8 apic sep mtrr pge mca cmov pat pse36 clflush dts acpi mmx fxsr sse sse2 ss ht tm pbe syscall nx pdpe1gb rdtscp lm constant_tsc art arch_perfmon pebs bts rep_good nopl xtopology nonstop_tsc cpuid aperfmperf tsc_known_freq pni pclmulqdq dtes64 monitor ds_cpl vmx est tm2 ssse3 sdbg fma cx16 xtpr pdcm pcid sse4_1 sse4_2 x2apic movbe popcnt aes xsave avx f16c rdrand lahf_lm abm 3dnowprefetch cpuid_fault epb invpcid_single pti retpoline intel_pt rsb_ctxsw tpr_shadow vnmi flexpriority ept vpid fsgsbase tsc_adjust bmi1 avx2 smep bmi2 erms invpcid mpx rdseed adx smap clflushopt xsaveopt xsavec xgetbv1 xsaves dtherm arat pln pts hwp hwp_notify hwp_act_window hwp_epp
bugs		: cpu_meltdown spectre_v1 spectre_v2
bogomips	: 3984.00
clflush size	: 64
cache_alignment	: 64
address sizes	: 39 bits physical, 48 bits virtual
power management:



Memory: 4k page, physical 3892404k(125568k free), swap 1041280k(400k free)

vm_info: OpenJDK 64-Bit Server VM (25.152-b01) for linux-amd64 JRE (1.8.0_152-release-1024-b01), built by "builder" with gcc 4.8.4

time: Thu Apr 12 23:00:53 2018
elapsed time: 101 seconds (0d 0h 1m 41s)

